<?xml version="1.0" encoding="UTF-8"?>
<!-- Generated by org.testng.reporters.JUnitXMLReporter -->
<testsuite hostname="RSI1505" ignored="0" name="Funcionalidade de cadastro" tests="2" failures="1" timestamp="2020-01-27T16:09:11 BRT" time="62.69" errors="0">
  <testcase name="testeCadastroValido" time="20.942" classname="br.com.rsinet.hub_TDD.testes.TesteCadastro">
    <failure type="java.lang.AssertionError" message="did not expect to find [true] but found [false]">
      <![CDATA[java.lang.AssertionError: did not expect to find [true] but found [false]
at br.com.rsinet.hub_TDD.testes.TesteCadastro.testeCadastroValido(TesteCadastro.java:91)
at java.util.ArrayList.forEach(ArrayList.java:1257)
... Removed 31 stack frames]]>
    </failure>
  </testcase> <!-- testeCadastroValido -->
  <testcase name="testeCadastroInvalido" time="21.315" classname="br.com.rsinet.hub_TDD.testes.TesteCadastro"/>
</testsuite> <!-- Funcionalidade de cadastro -->
